2020-07-29 09:42:05 [ETS] [Log]      0
2020-07-29 09:42:05 [ETS] [Log]      -1
2020-07-29 09:42:05 [ETS] [Log]      -1
2020-07-29 09:42:05 [ETS] [Log]      -1
2020-07-29 09:42:05 [ETS] [Log]      0
2020-07-29 09:42:05 [ETS] [Log]      0
2020-07-29 09:42:05 [ETS] [Log]      0
2020-07-29 09:42:05 [ETS] [Log]      -1
2020-07-29 09:42:05 [ETS] [Log]      0
2020-07-29 09:42:05 [ETS] [Log]      0
2020-07-29 09:44:59 [ETS] [Log]      0
2020-07-29 09:44:59 [ETS] [Log]      -1
2020-07-29 09:44:59 [ETS] [Log]      -1
2020-07-29 09:44:59 [ETS] [Log]      -1
2020-07-29 09:44:59 [ETS] [Log]      0
2020-07-29 09:44:59 [ETS] [Log]      0
2020-07-29 09:44:59 [ETS] [Log]      0
2020-07-29 09:44:59 [ETS] [Log]      -1
2020-07-29 09:44:59 [ETS] [Log]      0
2020-07-29 09:44:59 [ETS] [Log]      0
2020-07-29 09:45:17 [ETS] [Log]      -1
2020-07-29 09:47:05 [ETS] [Log]      0
2020-07-29 09:47:05 [ETS] [Log]      -1
2020-07-29 09:47:05 [ETS] [Log]      -1
2020-07-29 09:47:05 [ETS] [Log]      -1
2020-07-29 09:47:05 [ETS] [Log]      0
2020-07-29 09:47:05 [ETS] [Log]      0
2020-07-29 09:47:05 [ETS] [Log]      0
2020-07-29 09:47:05 [ETS] [Log]      -1
2020-07-29 09:47:05 [ETS] [Log]      0
2020-07-29 09:47:05 [ETS] [Log]      0
2020-07-30 14:11:08 [ETS] [Log]      [User] Felix NPL
2020-07-30 14:11:08 [ETS] [Log]      [User] Test 1
2020-07-30 14:11:08 [ETS] [Log]      [User] Test 2
2020-07-30 14:11:08 [ETS] [Log]      [User] Test 3
2020-07-30 14:11:08 [ETS] [Log]      [User] Test 4
2020-07-30 14:11:08 [ETS] [Log]      [User] Test 5
2020-07-30 14:11:08 [ETS] [Log]      [User] Add User Test
2020-07-30 14:12:44 [ETS] [Log]      [User] Felix NPL
2020-07-30 14:12:44 [ETS] [Log]      [User] Test 1
2020-07-30 14:12:44 [ETS] [Log]      [User] Test 2
2020-07-30 14:12:44 [ETS] [Log]      [User] Test 3
2020-07-30 14:12:44 [ETS] [Log]      [User] Test 4
2020-07-30 14:12:44 [ETS] [Log]      [User] Test 5
2020-07-30 14:12:44 [ETS] [Log]      [User] Add User Test
2020-07-30 14:13:08 [ETS] [Log]      [User] Felix NPL
2020-07-30 14:13:08 [ETS] [Log]      [User] Test 1
2020-07-30 14:13:08 [ETS] [Log]      [User] Test 2
2020-07-30 14:13:08 [ETS] [Log]      [User] Test 3
2020-07-30 14:13:08 [ETS] [Log]      [User] Test 4
2020-07-30 14:13:08 [ETS] [Log]      [User] Test 5
2020-07-30 14:13:08 [ETS] [Log]      [User] Add User Test
2020-07-30 14:13:13 [ETS] [Log]      [User] Felix NPL
2020-07-30 14:13:13 [ETS] [Log]      [User] Test 1
2020-07-30 14:13:13 [ETS] [Log]      [User] Test 2
2020-07-30 14:13:13 [ETS] [Log]      [User] Test 3
2020-07-30 14:13:13 [ETS] [Log]      [User] Test 4
2020-07-30 14:13:13 [ETS] [Log]      [User] Test 5
2020-07-30 14:13:13 [ETS] [Log]      [User] Add User Test
2020-07-30 14:13:42 [ETS] [Log]      [User] Felix NPL
2020-07-30 14:13:42 [ETS] [Log]      [User] Test 1
2020-07-30 14:13:42 [ETS] [Log]      [User] Test 2
2020-07-30 14:13:42 [ETS] [Log]      [User] Test 3
2020-07-30 14:13:42 [ETS] [Log]      [User] Test 4
2020-07-30 14:13:42 [ETS] [Log]      [User] Test 5
2020-07-30 14:13:42 [ETS] [Log]      [User] Add User Test
2020-07-30 14:14:20 [ETS] [Log]      [User] Felix NPL
2020-07-30 14:14:20 [ETS] [Log]      [User] Test 1
2020-07-30 14:14:20 [ETS] [Log]      [User] Test 2
2020-07-30 14:14:20 [ETS] [Log]      [User] Test 3
2020-07-30 14:14:20 [ETS] [Log]      [User] Test 4
2020-07-30 14:14:20 [ETS] [Log]      [User] Test 5
2020-07-30 14:14:20 [ETS] [Log]      [User] Add User Test
2020-07-30 14:14:43 [ETS] [Log]      [User] Felix NPL
2020-07-30 14:14:43 [ETS] [Log]      [User] Test 1
2020-07-30 14:14:43 [ETS] [Log]      [User] Test 2
2020-07-30 14:14:43 [ETS] [Log]      [User] Test 3
2020-07-30 14:14:43 [ETS] [Log]      [User] Test 4
2020-07-30 14:14:43 [ETS] [Log]      [User] Test 5
2020-07-30 14:14:43 [ETS] [Log]      [User] Add User Test
2020-07-30 14:15:35 [ETS] [Log]      [User] Felix NPL
2020-07-30 14:15:35 [ETS] [Log]      [User] Test 1
2020-07-30 14:15:35 [ETS] [Log]      [User] Test 2
2020-07-30 14:15:35 [ETS] [Log]      [User] Test 3
2020-07-30 14:15:35 [ETS] [Log]      [User] Test 4
2020-07-30 14:15:35 [ETS] [Log]      [User] Test 5
2020-07-30 14:15:35 [ETS] [Log]      [User] Add User Test
2020-07-30 14:16:43 [ETS] [Log]      [User] Felix NPL
2020-07-30 14:16:43 [ETS] [Log]      [User] Test 1
2020-07-30 14:16:43 [ETS] [Log]      [User] Test 2
2020-07-30 14:16:43 [ETS] [Log]      [User] Test 3
2020-07-30 14:16:43 [ETS] [Log]      [User] Test 4
2020-07-30 14:16:43 [ETS] [Log]      [User] Test 5
2020-07-30 14:16:43 [ETS] [Log]      [User] Add User Test
2020-07-30 14:16:56 [ETS] [Log]      [User] Felix NPL
2020-07-30 14:16:56 [ETS] [Log]      [User] Test 1
2020-07-30 14:16:56 [ETS] [Log]      [User] Test 2
2020-07-30 14:16:56 [ETS] [Log]      [User] Test 3
2020-07-30 14:16:56 [ETS] [Log]      [User] Test 4
2020-07-30 14:16:56 [ETS] [Log]      [User] Test 5
2020-07-30 14:16:56 [ETS] [Log]      [User] Add User Test
2020-07-30 14:17:09 [ETS] [Log]      [User] Felix NPL
2020-07-30 14:17:09 [ETS] [Log]      [User] Test 1
2020-07-30 14:17:09 [ETS] [Log]      [User] Test 2
2020-07-30 14:17:09 [ETS] [Log]      [User] Test 3
2020-07-30 14:17:09 [ETS] [Log]      [User] Test 4
2020-07-30 14:17:09 [ETS] [Log]      [User] Test 5
2020-07-30 14:17:09 [ETS] [Log]      [User] Add User Test
2020-07-30 14:17:59 [ETS] [Log]      [User] Felix NPL
2020-07-30 14:17:59 [ETS] [Log]      [User] Test 1
2020-07-30 14:17:59 [ETS] [Log]      [User] Test 2
2020-07-30 14:17:59 [ETS] [Log]      [User] Test 3
2020-07-30 14:17:59 [ETS] [Log]      [User] Test 4
2020-07-30 14:17:59 [ETS] [Log]      [User] Test 5
2020-07-30 14:17:59 [ETS] [Log]      [User] Add User Test
2020-07-30 14:18:12 [ETS] [Log]      [User] Felix NPL
2020-07-30 14:18:12 [ETS] [Log]      [User] Test 1
2020-07-30 14:18:12 [ETS] [Log]      [User] Test 2
2020-07-30 14:18:12 [ETS] [Log]      [User] Test 3
2020-07-30 14:18:12 [ETS] [Log]      [User] Test 4
2020-07-30 14:18:12 [ETS] [Log]      [User] Test 5
2020-07-30 14:18:12 [ETS] [Log]      [User] Add User Test
2020-07-30 14:18:45 [ETS] [Log]      [User] Felix NPL
2020-07-30 14:18:45 [ETS] [Log]      [User] Test 1
2020-07-30 14:18:45 [ETS] [Log]      [User] Test 2
2020-07-30 14:18:45 [ETS] [Log]      [User] Test 3
2020-07-30 14:18:45 [ETS] [Log]      [User] Test 4
2020-07-30 14:18:45 [ETS] [Log]      [User] Test 5
2020-07-30 14:18:45 [ETS] [Log]      [User] Add User Test
2020-07-30 14:19:08 [ETS] [Log]      [User] Felix NPL
2020-07-30 14:19:08 [ETS] [Log]      [User] Test 1
2020-07-30 14:19:08 [ETS] [Log]      [User] Test 2
2020-07-30 14:19:08 [ETS] [Log]      [User] Test 3
2020-07-30 14:19:08 [ETS] [Log]      [User] Test 4
2020-07-30 14:19:08 [ETS] [Log]      [User] Test 5
2020-07-30 14:19:08 [ETS] [Log]      [User] Add User Test
2020-07-30 14:20:04 [ETS] [Log]      [User] Felix NPL
2020-07-30 14:21:14 [ETS] [Log]      [User] Felix NPL
2020-07-30 14:21:36 [ETS] [Log]      [User] Felix NPL
2020-07-30 14:24:56 [ETS] [Log]      [User] Felix NPL
2020-07-30 14:25:50 [ETS] [Log]      [User] Felix NPL
2020-07-30 14:26:06 [ETS] [Log]      [User] Felix NPL
2020-07-30 14:26:26 [ETS] [Log]      [User] Felix NPL
2020-07-30 14:28:00 [ETS] [Log]      [User] Felix NPL
2020-07-30 14:29:10 [ETS] [Log]      [User] Felix NPL
2020-07-30 14:30:15 [ETS] [Log]      [User] Username: Felix NPL
2020-07-30 14:30:40 [ETS] [Info]     [User] No users found
2020-07-30 14:30:47 [ETS] [Log]      [User] Username: Felix NPL
2020-07-30 14:31:30 [ETS] [Log]      [User] Display name: Felix NPL
2020-07-30 14:34:14 [ETS] [Info]     [User] No users found
2020-07-30 14:34:36 [ETS] [Info]     [User] No users found
2020-07-30 14:35:18 [ETS] [Info]     [User] No users found
2020-07-30 14:36:06 [ETS] [Info]     [User] No users found
2020-07-30 14:37:37 [ETS] [Info]     [User] No users found
2020-07-30 14:37:56 [ETS] [Info]     [User] No users found
2020-07-30 14:38:49 [ETS] [Log]      [User] Display name: Felix NPL
2020-07-30 14:39:38 [ETS] [Log]      [User] Display name: Felix NPL
2020-07-30 14:41:08 [ETS] [Log]      No user removed
2020-07-30 14:41:08 [ETS] [Log]      [User] Display name: Felix NPL
2020-07-30 14:41:13 [ETS] [Log]      [User] Display name: Felix NPL
2020-07-30 14:42:37 [ETS] [Log]      No user removed
2020-07-30 14:42:37 [ETS] [Log]      [User] Display name: Felix NPL
2020-07-30 14:43:10 [ETS] [Log]      [User] Display name: Felix NPL
2020-07-30 14:43:23 [ETS] [Log]      User AddUserTest was not found, ergo unable to remove AddUserTest
2020-07-30 14:43:23 [ETS] [Log]      [User] Display name: Felix NPL
2020-07-30 14:43:47 [ETS] [Error]    User AddUserTest was not found, ergo unable to remove AddUserTest
2020-07-30 14:43:47 [ETS] [Log]      [User] Display name: Felix NPL
2020-07-30 14:44:18 [ETS] [Error]    User AddUserTest was not found, ergo unable to remove AddUserTest
2020-07-30 14:44:18 [ETS] [Log]      [User] Display name: Felix NPL
2020-07-30 14:44:24 [ETS] [Info]     User AddUserTest removed successfully
2020-07-30 14:44:24 [ETS] [Log]      [User] Display name: Felix NPL
2020-07-30 14:44:38 [ETS] [Error]    User AddUserTest was not found, ergo unable to remove AddUserTest
2020-07-30 14:44:38 [ETS] [Log]      [User] Display name: Felix NPL
2020-07-30 14:45:03 [ETS] [Error]    User AddUserTest was not found, ergo unable to remove AddUserTest
2020-07-30 14:45:03 [ETS] [Debug]    [User] Display name: Felix NPL
2020-07-30 14:45:33 [ETS] [Error]    User AddUserTest was not found, ergo unable to remove AddUserTest
2020-07-30 14:45:33 [ETS] [Debug]    [User] Display name: Felix NPL
2020-07-30 14:46:03 [ETS] [Info]     User add.user.test@example.com removed successfully
2020-07-30 14:46:03 [ETS] [Debug]    [User] Display name: Felix NPL
2020-07-30 14:46:07 [ETS] [Error]    User add.user.test@example.com was not found, ergo unable to remove add.user.test@example.com
2020-07-30 14:46:07 [ETS] [Debug]    [User] Display name: Felix NPL
2020-07-30 14:49:44 [ETS] [Error]    User add.user.test@example.com was not found, ergo unable to remove add.user.test@example.com
2020-07-30 14:49:44 [ETS] [Debug]    [User] Display name: Felix NPL
2020-07-30 14:52:06 [ETS] [Error]    User add.user.test@example.com was not found, ergo unable to remove add.user.test@example.com
2020-07-30 14:52:06 [ETS] [Debug]    [User] Display name: Felix NPL
2020-07-30 14:52:17 [ETS] [Error]    User add.user.test@example.com was not found, ergo unable to remove add.user.test@example.com
2020-07-30 14:52:17 [ETS] [Debug]    [User] Display name: Felix NPL
2020-07-30 14:52:57 [ETS] [Error]    User add.user.test@example.com was not found, ergo unable to remove add.user.test@example.com
2020-07-30 14:52:57 [ETS] [Debug]    [User] Display name: Felix NPL
2020-07-30 14:53:04 [ETS] [Error]    User add.user.test@example.com was not found, ergo unable to remove add.user.test@example.com
2020-07-30 14:53:04 [ETS] [Debug]    [User] Display name: Felix NPL
2020-07-30 14:57:31 [ETS] [Error]    User add.user.test@example.com was not found, ergo unable to remove add.user.test@example.com
2020-07-30 14:57:31 [ETS] [Debug]    [User] Display name: Felix NPL
2020-07-30 15:00:03 [ETS] [Error]    User add.user.test@example.com was not found, ergo unable to remove add.user.test@example.com
2020-07-30 15:00:03 [ETS] [Debug]    [User] Display name: Felix NPL
2020-07-30 15:00:15 [ETS] [Error]    User add.user.test@example.com was not found, ergo unable to remove add.user.test@example.com
2020-07-30 15:00:15 [ETS] [Debug]    [User] Display name: Felix NPL
2020-07-30 15:01:28 [ETS] [Error]    User add.user.test@example.com was not found, ergo unable to remove add.user.test@example.com
2020-07-30 15:01:28 [ETS] [Debug]    [User] Display name: Felix NPL
2020-07-30 15:01:40 [ETS] [Error]    User add.user.test@example.com was not found, ergo unable to remove add.user.test@example.com
2020-07-30 15:01:40 [ETS] [Debug]    [User] Display name: Felix NPL
2020-07-30 15:01:50 [ETS] [Error]    User add.user.test@example.com was not found, ergo unable to remove add.user.test@example.com
2020-07-30 15:01:50 [ETS] [Info]     [User] Username
2020-07-30 15:01:50 [ETS] [Debug]    [User] Display name: Felix NPL
2020-07-30 15:02:02 [ETS] [Error]    User add.user.test@example.com was not found, ergo unable to remove add.user.test@example.com
2020-07-30 15:02:02 [ETS] [Info]     [User] Username 
2020-07-30 15:02:02 [ETS] [Debug]    [User] Display name: Felix NPL
2020-07-30 15:03:11 [ETS] [Error]    User add.user.test@example.com was not found, ergo unable to remove add.user.test@example.com
2020-07-30 15:03:15 [ETS] [Error]    User add.user.test@example.com was not found, ergo unable to remove add.user.test@example.com
2020-07-30 15:03:38 [ETS] [Error]    User add.user.test@example.com was not found, ergo unable to remove add.user.test@example.com
2020-07-30 15:03:49 [ETS] [Error]    User add.user.test@example.com was not found, ergo unable to remove add.user.test@example.com
2020-07-30 15:04:08 [ETS] [Error]    User add.user.test@example.com was not found, ergo unable to remove add.user.test@example.com
2020-07-30 15:04:08 [ETS] [Info]     [User] Username 
2020-07-30 15:04:08 [ETS] [Debug]    [User] Display name: Felix NPL
2020-07-30 15:04:40 [ETS] [Error]    User add.user.test@example.com was not found, ergo unable to remove add.user.test@example.com
2020-07-30 15:04:40 [ETS] [Info]     [User] Username 
2020-07-30 15:04:40 [ETS] [Debug]    [User] Display name: Felix NPL
2020-07-30 15:05:08 [ETS] [Error]    User add.user.test@example.com was not found, ergo unable to remove add.user.test@example.com
2020-07-30 15:05:08 [ETS] [Info]     [User] Username 
2020-07-30 15:05:08 [ETS] [Debug]    [User] Display name: Felix NPL
2020-07-30 15:08:08 [ETS] [Error]    User add.user.test@example.com was not found, ergo unable to remove add.user.test@example.com
2020-07-30 15:08:08 [ETS] [Info]     [User] Username Felix NPL
2020-07-30 15:08:08 [ETS] [Debug]    [User] Display name: Felix NPL
2020-07-30 15:11:46 [ETS] [Error]    User add.user.test@example.com was not found, ergo unable to remove add.user.test@example.com
2020-07-30 15:11:46 [ETS] [Info]     [User] Username Felix NPL
2020-07-30 15:11:46 [ETS] [Debug]    [User] Display name: Felix NPL
2020-07-30 21:01:02 [ETS] [ETS]      There are multiple entries for event EB3444FB3A9F183C0, fallback to using the first event found
2020-07-30 21:07:45 [ETS] [ETS]      There are multiple entries for event EB3444FB3A9F183C0, fallback to using the first event found
2020-07-30 21:11:03 [ETS] [Info]     Event A7H345DFbA9FB3Y9 removed successfully
2020-07-30 21:11:16 [ETS] [Info]     Event A7H345DFbA9FB3Y9 removed successfully
2020-07-30 21:14:01 [ETS] [Info]     Event A7H345DFbA9FB3Y9 removed successfully
2020-07-30 22:16:49 [ETS] [Info]     Event UZSpK1V2IzeDEK_VP8dRXP1niiuqi1Zq removed successfully
2020-07-30 22:16:49 [ETS] [Info]     Event JkV74xTNKUrI_Ser9lIx8qkS6pzLlqgi removed successfully
2020-07-30 22:21:40 [ETS] [Error]    Event UZSpK1V2IzeDEK_VP8dRXP1niiuqi1Zq was not found, ergo unable to remove UZSpK1V2IzeDEK_VP8dRXP1niiuqi1Zq
2020-07-30 22:21:56 [ETS] [Error]    Event j4Vg0da6oyt2tkZ9vC_6n4dg was not found, ergo unable to remove j4Vg0da6oyt2tkZ9vC_6n4dg
2020-07-30 22:22:05 [ETS] [Info]     Event j4Vg0da6oyt2tkZ9vC_6n4dg-7krxvZS removed successfully
2020-07-30 22:22:34 [ETS] [Error]    Event j4Vg0da6oyt2tkZ9vC_6n4dg-7krxvZS was not found, ergo unable to remove j4Vg0da6oyt2tkZ9vC_6n4dg-7krxvZS
2020-07-30 22:23:48 [ETS] [Error]    Event j4Vg0da6oyt2tkZ9vC_6n4dg-7krxvZS was not found, ergo unable to remove j4Vg0da6oyt2tkZ9vC_6n4dg-7krxvZS
2020-07-30 22:26:27 [ETS] [Error]    Event j4Vg0da6oyt2tkZ9vC_6n4dg-7krxvZS was not found, ergo unable to remove j4Vg0da6oyt2tkZ9vC_6n4dg-7krxvZS
2020-07-30 22:26:45 [ETS] [Error]    Event j4Vg0da6oyt2tkZ9vC_6n4dg-7krxvZS was not found, ergo unable to remove j4Vg0da6oyt2tkZ9vC_6n4dg-7krxvZS
2020-07-30 22:26:52 [ETS] [Error]    Event j4Vg0da6oyt2tkZ9vC_6n4dg-7krxvZS was not found, ergo unable to remove j4Vg0da6oyt2tkZ9vC_6n4dg-7krxvZS
2020-07-30 22:27:08 [ETS] [Info]     Event 0TnpfpamgFEqb5tRUOTeu_DiffHJJB7c removed successfully
2020-07-30 22:29:20 [ETS] [Error]    Event 0TnpfpamgFEqb5tRUOTeu_DiffHJJB7c was not found, ergo unable to remove 0TnpfpamgFEqb5tRUOTeu_DiffHJJB7c
2020-07-30 22:30:26 [ETS] [Error]    Event 0TnpfpamgFEqb5tRUOTeu_DiffHJJB7c was not found, ergo unable to remove 0TnpfpamgFEqb5tRUOTeu_DiffHJJB7c
2020-07-30 22:31:03 [ETS] [Error]    Event 0TnpfpamgFEqb5tRUOTeu_DiffHJJB7c was not found, ergo unable to remove 0TnpfpamgFEqb5tRUOTeu_DiffHJJB7c
2020-07-30 22:31:35 [ETS] [Error]    Event 0TnpfpamgFEqb5tRUOTeu_DiffHJJB7c was not found, ergo unable to remove 0TnpfpamgFEqb5tRUOTeu_DiffHJJB7c
2020-07-30 22:32:53 [ETS] [Error]    Event 0TnpfpamgFEqb5tRUOTeu_DiffHJJB7c was not found, ergo unable to remove 0TnpfpamgFEqb5tRUOTeu_DiffHJJB7c
2020-07-30 22:33:21 [ETS] [Error]    Event 0TnpfpamgFEqb5tRUOTeu_DiffHJJB7c was not found, ergo unable to remove 0TnpfpamgFEqb5tRUOTeu_DiffHJJB7c
2020-07-30 22:33:27 [ETS] [Error]    Event 0TnpfpamgFEqb5tRUOTeu_DiffHJJB7c was not found, ergo unable to remove 0TnpfpamgFEqb5tRUOTeu_DiffHJJB7c
2020-07-30 22:33:38 [ETS] [Info]     User test removed successfully
2020-07-30 22:33:38 [ETS] [Error]    Event 0TnpfpamgFEqb5tRUOTeu_DiffHJJB7c was not found, ergo unable to remove 0TnpfpamgFEqb5tRUOTeu_DiffHJJB7c
2020-07-31 10:37:17 [ETS] [Debug]    Event name: 
2020-07-31 10:37:17 [ETS] [Debug]    Event name: 
2020-07-31 10:37:17 [ETS] [Debug]    Event name: 
2020-07-31 10:37:17 [ETS] [Debug]    Event name: 
2020-07-31 10:37:17 [ETS] [Debug]    Event name: 
2020-07-31 10:37:17 [ETS] [Debug]    Event name: 
2020-07-31 10:37:17 [ETS] [Debug]    Event name: 
2020-07-31 10:37:17 [ETS] [Debug]    Event name: 
2020-07-31 10:37:17 [ETS] [Debug]    Event name: 
2020-07-31 10:37:17 [ETS] [Debug]    Event name: 
2020-07-31 10:37:17 [ETS] [Debug]    Event name: 
2020-07-31 10:37:17 [ETS] [Debug]    Event name: 
2020-07-31 10:37:17 [ETS] [Debug]    Event name: 
2020-07-31 10:37:17 [ETS] [Debug]    Event name: 
2020-07-31 10:37:17 [ETS] [Debug]    Event name: 
2020-07-31 10:37:17 [ETS] [Debug]    Event name: 
2020-07-31 10:37:17 [ETS] [Debug]    Event name: 
2020-07-31 10:37:17 [ETS] [Debug]    Event name: 
2020-07-31 10:37:17 [ETS] [Debug]    Event name: 
2020-07-31 10:37:46 [ETS] [Debug]    Event name: 
2020-07-31 10:37:46 [ETS] [Debug]    Event name: 
2020-07-31 10:37:46 [ETS] [Debug]    Event name: 
2020-07-31 10:37:46 [ETS] [Debug]    Event name: 
2020-07-31 10:37:46 [ETS] [Debug]    Event name: 
2020-07-31 10:37:46 [ETS] [Debug]    Event name: 
2020-07-31 10:37:46 [ETS] [Debug]    Event name: 
2020-07-31 10:37:46 [ETS] [Debug]    Event name: 
2020-07-31 10:37:46 [ETS] [Debug]    Event name: 
2020-07-31 10:37:46 [ETS] [Debug]    Event name: 
2020-07-31 10:37:46 [ETS] [Debug]    Event name: 
2020-07-31 10:37:46 [ETS] [Debug]    Event name: 
2020-07-31 10:37:46 [ETS] [Debug]    Event name: 
2020-07-31 10:37:46 [ETS] [Debug]    Event name: 
2020-07-31 10:37:46 [ETS] [Debug]    Event name: 
2020-07-31 10:37:46 [ETS] [Debug]    Event name: 
2020-07-31 10:37:46 [ETS] [Debug]    Event name: 
2020-07-31 10:37:46 [ETS] [Debug]    Event name: 
2020-07-31 10:37:46 [ETS] [Debug]    Event name: 
2020-07-31 10:38:19 [ETS] [Debug]    Event name: 
2020-07-31 10:38:19 [ETS] [Debug]    Event name: 
2020-07-31 10:38:19 [ETS] [Debug]    Event name: 
2020-07-31 10:38:47 [ETS] [Debug]    Event name: Very Fun Event
2020-07-31 10:38:47 [ETS] [Debug]    Event name: Another Very Fun Event
2020-07-31 10:38:47 [ETS] [Debug]    Event name: Lovely Event
2020-07-31 10:40:49 [ETS] [Debug]    Event name: Very Fun Event
2020-07-31 10:40:49 [ETS] [Debug]    Event name: Another Very Fun Event
2020-07-31 10:40:49 [ETS] [Debug]    Event name: Lovely Event
2020-07-31 10:41:51 [ETS] [Debug]    Event name: Very Fun Event
2020-07-31 10:41:51 [ETS] [Debug]    Event name: Another Very Fun Event
2020-07-31 10:41:51 [ETS] [Debug]    Event name: Lovely Event
2020-07-31 10:42:24 [ETS] [Debug]    Event name: Very Fun Event
2020-07-31 10:42:24 [ETS] [Debug]    Event name: Another Very Fun Event
2020-07-31 10:42:24 [ETS] [Debug]    Event name: Lovely Event
2020-07-31 10:43:00 [ETS] [Debug]    Event name: Very Fun Event
2020-07-31 10:43:00 [ETS] [Debug]    Event name: Another Very Fun Event
2020-07-31 10:43:00 [ETS] [Debug]    Event name: Lovely Event
2020-07-31 10:43:47 [ETS] [Debug]    Event name: Very Fun Event
2020-07-31 10:43:47 [ETS] [Debug]    Event name: Another Very Fun Event
2020-07-31 10:43:47 [ETS] [Debug]    Event name: Lovely Event
2020-07-31 10:44:32 [ETS] [Debug]    Event name: Very Fun Event
2020-07-31 10:44:32 [ETS] [Debug]    Event name: Another Very Fun Event
2020-07-31 10:44:32 [ETS] [Debug]    Event name: Lovely Event
2020-07-31 10:44:39 [ETS] [Debug]    Event name: Very Fun Event
2020-07-31 10:44:40 [ETS] [Debug]    Event name: Another Very Fun Event
2020-07-31 10:44:40 [ETS] [Debug]    Event name: Lovely Event
2020-07-31 10:45:06 [ETS] [Debug]    Event name: Very Fun Event
2020-07-31 10:45:06 [ETS] [Debug]    Event name: Another Very Fun Event
2020-07-31 10:45:06 [ETS] [Debug]    Event name: Lovely Event
2020-07-31 10:45:17 [ETS] [Debug]    Event name: Very Fun Event
2020-07-31 10:45:17 [ETS] [Debug]    Event name: Another Very Fun Event
2020-07-31 10:45:17 [ETS] [Debug]    Event name: Lovely Event
2020-07-31 10:45:29 [ETS] [Debug]    Event name: Very Fun Event
2020-07-31 10:45:29 [ETS] [Debug]    Event name: Another Very Fun Event
2020-07-31 10:45:29 [ETS] [Debug]    Event name: Lovely Event
2020-07-31 10:45:53 [ETS] [Debug]    Event name: Very Fun Event
2020-07-31 10:45:53 [ETS] [Debug]    Event name: Another Very Fun Event
2020-07-31 10:45:53 [ETS] [Debug]    Event name: Lovely Event
2020-07-31 10:46:08 [ETS] [Debug]    Event name: Very Fun Event
2020-07-31 10:46:08 [ETS] [Debug]    Event name: Another Very Fun Event
2020-07-31 10:46:08 [ETS] [Debug]    Event name: Lovely Event
2020-07-31 10:48:43 [ETS] [Debug]    Event name: Very Fun Event
2020-07-31 10:48:43 [ETS] [Debug]    Event name: Another Very Fun Event
2020-07-31 10:48:43 [ETS] [Debug]    Event name: Lovely Event
2020-07-31 10:49:44 [ETS] [Debug]    Event name: Very Fun Event
2020-07-31 10:49:44 [ETS] [Debug]    Event name: Another Very Fun Event
2020-07-31 10:49:44 [ETS] [Debug]    Event name: Lovely Event
2020-07-31 10:50:00 [ETS] [Debug]    Event name: Very Fun Event
2020-07-31 10:50:00 [ETS] [Debug]    Event name: Another Very Fun Event
2020-07-31 10:50:00 [ETS] [Debug]    Event name: Lovely Event
2020-07-31 10:50:23 [ETS] [Debug]    Event name: Very Fun Event
2020-07-31 10:50:23 [ETS] [Debug]    Event name: Another Very Fun Event
2020-07-31 10:50:23 [ETS] [Debug]    Event name: Lovely Event
2020-07-31 10:52:09 [ETS] [Debug]    Event name: Very Fun Event
2020-07-31 10:52:09 [ETS] [Debug]    Event name: Another Very Fun Event
2020-07-31 10:52:09 [ETS] [Debug]    Event name: Lovely Event
2020-07-31 10:55:05 [ETS] [Debug]    Event name: Very Fun Event
2020-07-31 10:55:05 [ETS] [Debug]    No. tickets: 
2020-07-31 10:55:05 [ETS] [Debug]    Event name: Another Very Fun Event
2020-07-31 10:55:05 [ETS] [Debug]    No. tickets: 
2020-07-31 10:55:05 [ETS] [Debug]    Event name: Lovely Event
2020-07-31 10:55:05 [ETS] [Debug]    No. tickets: 
2020-07-31 10:55:43 [ETS] [Debug]    Event name: Very Fun Event
2020-07-31 10:55:43 [ETS] [Debug]    No. tickets: 3
2020-07-31 10:55:43 [ETS] [Debug]    Event name: Another Very Fun Event
2020-07-31 10:55:43 [ETS] [Debug]    No. tickets: 3
2020-07-31 10:55:43 [ETS] [Debug]    Event name: Lovely Event
2020-07-31 10:55:43 [ETS] [Debug]    No. tickets: 0
2020-07-31 10:57:53 [ETS] [Debug]    Event name: Very Fun Event
2020-07-31 10:57:53 [ETS] [Debug]    No. tickets: 4
2020-07-31 10:57:53 [ETS] [Debug]    Event name: Another Very Fun Event
2020-07-31 10:57:53 [ETS] [Debug]    No. tickets: 4
2020-07-31 10:57:53 [ETS] [Debug]    Event name: Lovely Event
2020-07-31 10:57:53 [ETS] [Debug]    No. tickets: 1
2020-07-31 10:58:12 [ETS] [Debug]    Event name: Very Fun Event
2020-07-31 10:58:12 [ETS] [Debug]    No. tickets: 4
2020-07-31 10:58:12 [ETS] [Debug]    Event name: Another Very Fun Event
2020-07-31 10:58:12 [ETS] [Debug]    No. tickets: 4
2020-07-31 10:58:12 [ETS] [Debug]    Event name: Lovely Event
2020-07-31 10:58:12 [ETS] [Debug]    No. tickets: 1
2020-07-31 10:58:28 [ETS] [Debug]    Event name: Very Fun Event
2020-07-31 10:58:28 [ETS] [Debug]    No. tickets: 4
2020-07-31 10:58:28 [ETS] [Debug]    Event name: Another Very Fun Event
2020-07-31 10:58:28 [ETS] [Debug]    No. tickets: 4
2020-07-31 10:58:28 [ETS] [Debug]    Event name: Lovely Event
2020-07-31 10:58:28 [ETS] [Debug]    No. tickets: 1
2020-07-31 11:04:31 [ETS] [Info]     HTTP Server listening on port 8081
2020-07-31 11:10:10 [ETS] [Info]     HTTP Server listening on port 8081
2020-07-31 11:11:23 [ETS] [Info]     HTTP Server listening on port 8081
2020-07-31 11:11:58 [ETS] [Info]     HTTP Server listening on port 8081
2020-07-31 11:14:50 [ETS] [Info]     HTTP Server listening on port 8081
2020-07-31 11:15:29 [ETS] [Info]     HTTP Server listening on port 8081
2020-07-31 11:21:40 [ETS] [Info]     HTTP Server listening on port 8081
2020-07-31 11:26:25 [ETS] [Info]     HTTP Server listening on port 8081
2020-07-31 11:26:36 [ETS] [Info]     HTTP Server listening on port 8081
2020-07-31 11:27:05 [ETS] [Info]     HTTP Server listening on port 8081
2020-07-31 11:27:16 [ETS] [Info]     HTTP Server listening on port 8081
2020-07-31 11:29:25 [ETS] [Info]     HTTP Server listening on port 8081
2020-07-31 11:31:07 [ETS] [Info]     HTTP Server listening on port 8081
2020-07-31 11:34:08 [ETS] [Info]     HTTP Server listening on port 8081
2020-07-31 11:38:18 [ETS] [Info]     HTTP Server listening on port 8081
2020-07-31 11:38:41 [ETS] [Info]     HTTP Server listening on port 8081
2020-07-31 11:40:01 [ETS] [Info]     HTTP Server listening on port 8081
2020-07-31 11:40:44 [ETS] [Info]     HTTP Server listening on port 8081
2020-07-31 11:49:05 [ETS] [Info]     HTTP Server listening on port 8081
2020-07-31 11:49:35 [ETS] [Info]     HTTP Server listening on port 8081
2020-07-31 11:50:10 [ETS] [Info]     HTTP Server listening on port 8081
2020-07-31 11:51:00 [ETS] [Info]     HTTP Server listening on port 8081
2020-07-31 11:51:52 [ETS] [Info]     HTTP Server listening on port 8081
2020-07-31 11:52:14 [ETS] [Info]     HTTP Server listening on port 8081
2020-07-31 11:55:38 [ETS] [Info]     HTTP Server listening on port 8081
2020-07-31 12:01:56 [ETS] [Info]     HTTP Server listening on port 8081
2020-07-31 12:02:30 [ETS] [Info]     HTTP Server listening on port 8081
2020-07-31 12:02:37 [ETS] [Info]     HTTP Server listening on port 8081
2020-07-31 12:03:25 [ETS] [Info]     HTTP Server listening on port 8081
2020-07-31 12:10:50 [ETS] [Info]     HTTP Server listening on port 8081
2020-07-31 12:11:13 [ETS] [Info]     HTTP Server listening on port 8081
2020-07-31 12:11:24 [ETS] [Info]     HTTP Server listening on port 8081
2020-07-31 12:12:27 [ETS] [Info]     HTTP Server listening on port 8081
2020-07-31 12:13:04 [ETS] [Info]     HTTP Server listening on port 8081
2020-07-31 12:14:38 [ETS] [Info]     HTTP Server listening on port 8081
2020-07-31 12:14:45 [ETS] [Info]     HTTP Server listening on port 8081
2020-07-31 12:14:52 [ETS] [Info]     HTTP Server listening on port 8081
2020-07-31 12:14:58 [ETS] [Info]     HTTP Server listening on port 8081
2020-07-31 12:16:04 [ETS] [Info]     HTTP Server listening on port 8081
2020-07-31 12:16:18 [ETS] [Info]     HTTP Server listening on port 8081
2020-07-31 12:16:30 [ETS] [Info]     HTTP Server listening on port 8081
2020-07-31 12:16:43 [ETS] [Info]     HTTP Server listening on port 8081
2020-07-31 12:17:03 [ETS] [Info]     HTTP Server listening on port 8081
2020-07-31 12:17:26 [ETS] [Info]     HTTP Server listening on port 8081
2020-07-31 12:18:07 [ETS] [Info]     HTTP Server listening on port 8081
2020-07-31 12:18:32 [ETS] [Info]     HTTP Server listening on port 8081
2020-07-31 12:19:17 [ETS] [Info]     HTTP Server listening on port 8081
2020-07-31 12:20:41 [ETS] [Info]     HTTP Server listening on port 8081
2020-07-31 12:21:23 [ETS] [Info]     HTTP Server listening on port 8081
2020-07-31 12:22:14 [ETS] [Info]     HTTP Server listening on port 8081
2020-07-31 23:26:35 [ETS] [Info]     HTTP Server listening on port 8081
2020-07-31 23:54:34 [ETS] [Info]     HTTP Server listening on port 8081
2020-07-31 23:55:10 [ETS] [Info]     HTTP Server listening on port 8081
2020-07-31 23:58:37 [ETS] [Info]     HTTP Server listening on port 8081
2020-07-31 23:58:55 [ETS] [Info]     HTTP Server listening on port 8081
2020-08-01 00:00:23 [ETS] [Info]     HTTP Server listening on port 8081
2020-08-01 00:01:55 [ETS] [Info]     HTTP Server listening on port 8081
2020-08-01 00:02:17 [ETS] [Info]     HTTP Server listening on port 8081
2020-08-01 03:25:07 [ETS] [Info]     HTTP Server listening on port 8081
2020-08-01 03:25:30 [ETS] [Info]     HTTP Server listening on port 8081
2020-08-01 03:35:47 [ETS] [Info]     HTTP Server listening on port 8081
2020-08-01 03:36:19 [ETS] [Info]     HTTP Server listening on port 8081
2020-08-01 03:39:07 [ETS] [Info]     HTTP Server listening on port 8081
2020-08-01 03:40:26 [ETS] [Info]     HTTP Server listening on port 8081
2020-08-01 03:40:57 [ETS] [Info]     HTTP Server listening on port 8081
2020-08-01 03:44:51 [ETS] [Info]     HTTP Server listening on port 8081
2020-08-01 03:46:12 [ETS] [Info]     HTTP Server listening on port 8081
2020-08-01 03:47:14 [ETS] [Info]     HTTP Server listening on port 8081
2020-08-01 03:49:15 [ETS] [Info]     HTTP Server listening on port 8081
2020-08-01 03:50:22 [ETS] [Info]     HTTP Server listening on port 8081
2020-08-01 03:52:09 [ETS] [Info]     HTTP Server listening on port 8081
2020-08-01 03:53:22 [ETS] [Info]     HTTP Server listening on port 8081
2020-08-01 03:55:46 [ETS] [Info]     HTTP Server listening on port 8081
2020-08-01 03:55:53 [ETS] [ETS]      There are multiple entries for user s20151529@home.npl.edu.hk, fallback to using the first user found
2020-08-01 04:00:04 [ETS] [Info]     HTTP Server listening on port 8081
2020-08-01 04:01:57 [ETS] [Info]     HTTP Server listening on port 8081
2020-08-01 04:05:03 [ETS] [Info]     HTTP Server listening on port 8081
2020-08-01 04:06:36 [ETS] [Info]     HTTP Server listening on port 8081
2020-08-01 04:16:07 [ETS] [Info]     HTTP Server listening on port 8081
2020-08-01 04:17:06 [ETS] [Info]     HTTP Server listening on port 8081
